2018-10-05 04:22:37,520 : INFO : --cleaning data--

2018-10-05 04:22:43,891 : INFO : --writing data for backup--

2018-10-05 04:22:43,908 : INFO : --generating word embeddings--

2018-10-05 04:22:43,925 : INFO : collecting all words and their counts
2018-10-05 04:22:43,925 : INFO : PROGRESS: at sentence #0, processed 0 words, keeping 0 word types
2018-10-05 04:22:43,930 : INFO : collected 3739 word types from a corpus of 32022 raw words and 10 sentences
2018-10-05 04:22:43,930 : INFO : Loading a fresh vocabulary
2018-10-05 04:22:43,934 : INFO : effective_min_count=5 retains 1166 unique words (31% of original 3739, drops 2573)
2018-10-05 04:22:43,934 : INFO : effective_min_count=5 leaves 27710 word corpus (86% of original 32022, drops 4312)
2018-10-05 04:22:43,937 : INFO : deleting the raw counts dictionary of 3739 items
2018-10-05 04:22:43,937 : INFO : sample=0.001 downsamples 72 most-common words
2018-10-05 04:22:43,937 : INFO : downsampling leaves estimated 23970 word corpus (86.5% of prior 27710)
2018-10-05 04:22:43,951 : INFO : estimated required memory for 1166 words, 11883 buckets and 300 dimensions: 17853104 bytes
2018-10-05 04:22:43,951 : INFO : resetting layer weights
2018-10-05 04:22:45,587 : INFO : Total number of ngrams is 11883
2018-10-05 04:22:45,963 : INFO : training model with 3 workers on 1166 vocabulary and 300 features, using sg=1 hs=0 sample=0.001 negative=5 window=50
2018-10-05 04:22:46,842 : INFO : worker thread finished; awaiting finish of 2 more threads
2018-10-05 04:22:46,911 : INFO : worker thread finished; awaiting finish of 1 more threads
2018-10-05 04:22:47,254 : INFO : EPOCH 1 - PROGRESS: at 100.00% examples, 18522 words/s, in_qsize 0, out_qsize 1
2018-10-05 04:22:47,254 : INFO : worker thread finished; awaiting finish of 0 more threads
2018-10-05 04:22:47,254 : INFO : EPOCH - 1 : training on 32022 raw words (23873 effective words) took 1.3s, 18517 effective words/s
2018-10-05 04:22:48,130 : INFO : worker thread finished; awaiting finish of 2 more threads
2018-10-05 04:22:48,226 : INFO : worker thread finished; awaiting finish of 1 more threads
2018-10-05 04:22:48,600 : INFO : EPOCH 2 - PROGRESS: at 100.00% examples, 17828 words/s, in_qsize 0, out_qsize 1
2018-10-05 04:22:48,600 : INFO : worker thread finished; awaiting finish of 0 more threads
2018-10-05 04:22:48,600 : INFO : EPOCH - 2 : training on 32022 raw words (23973 effective words) took 1.3s, 17823 effective words/s
2018-10-05 04:22:49,454 : INFO : worker thread finished; awaiting finish of 2 more threads
2018-10-05 04:22:49,537 : INFO : worker thread finished; awaiting finish of 1 more threads
2018-10-05 04:22:49,886 : INFO : EPOCH 3 - PROGRESS: at 100.00% examples, 18677 words/s, in_qsize 0, out_qsize 1
2018-10-05 04:22:49,886 : INFO : worker thread finished; awaiting finish of 0 more threads
2018-10-05 04:22:49,886 : INFO : EPOCH - 3 : training on 32022 raw words (23987 effective words) took 1.3s, 18673 effective words/s
2018-10-05 04:22:50,742 : INFO : worker thread finished; awaiting finish of 2 more threads
2018-10-05 04:22:50,810 : INFO : worker thread finished; awaiting finish of 1 more threads
2018-10-05 04:22:51,223 : INFO : EPOCH 4 - PROGRESS: at 100.00% examples, 17935 words/s, in_qsize 0, out_qsize 1
2018-10-05 04:22:51,223 : INFO : worker thread finished; awaiting finish of 0 more threads
2018-10-05 04:22:51,223 : INFO : EPOCH - 4 : training on 32022 raw words (23968 effective words) took 1.3s, 17931 effective words/s
2018-10-05 04:22:52,087 : INFO : worker thread finished; awaiting finish of 2 more threads
2018-10-05 04:22:52,162 : INFO : worker thread finished; awaiting finish of 1 more threads
2018-10-05 04:22:52,512 : INFO : EPOCH 5 - PROGRESS: at 100.00% examples, 18624 words/s, in_qsize 0, out_qsize 1
2018-10-05 04:22:52,512 : INFO : worker thread finished; awaiting finish of 0 more threads
2018-10-05 04:22:52,512 : INFO : EPOCH - 5 : training on 32022 raw words (23982 effective words) took 1.3s, 18620 effective words/s
2018-10-05 04:22:53,393 : INFO : worker thread finished; awaiting finish of 2 more threads
2018-10-05 04:22:53,442 : INFO : worker thread finished; awaiting finish of 1 more threads
2018-10-05 04:22:53,815 : INFO : EPOCH 6 - PROGRESS: at 100.00% examples, 18345 words/s, in_qsize 0, out_qsize 1
2018-10-05 04:22:53,815 : INFO : worker thread finished; awaiting finish of 0 more threads
2018-10-05 04:22:53,815 : INFO : EPOCH - 6 : training on 32022 raw words (23877 effective words) took 1.3s, 18341 effective words/s
2018-10-05 04:22:54,699 : INFO : worker thread finished; awaiting finish of 2 more threads
2018-10-05 04:22:54,763 : INFO : worker thread finished; awaiting finish of 1 more threads
2018-10-05 04:22:55,108 : INFO : EPOCH 7 - PROGRESS: at 100.00% examples, 18564 words/s, in_qsize 0, out_qsize 1
2018-10-05 04:22:55,108 : INFO : worker thread finished; awaiting finish of 0 more threads
2018-10-05 04:22:55,108 : INFO : EPOCH - 7 : training on 32022 raw words (23970 effective words) took 1.3s, 18560 effective words/s
2018-10-05 04:22:55,963 : INFO : worker thread finished; awaiting finish of 2 more threads
2018-10-05 04:22:56,019 : INFO : worker thread finished; awaiting finish of 1 more threads
2018-10-05 04:22:56,405 : INFO : EPOCH 8 - PROGRESS: at 100.00% examples, 18562 words/s, in_qsize 0, out_qsize 1
2018-10-05 04:22:56,406 : INFO : worker thread finished; awaiting finish of 0 more threads
2018-10-05 04:22:56,406 : INFO : EPOCH - 8 : training on 32022 raw words (24065 effective words) took 1.3s, 18558 effective words/s
2018-10-05 04:22:57,287 : INFO : worker thread finished; awaiting finish of 2 more threads
2018-10-05 04:22:57,357 : INFO : worker thread finished; awaiting finish of 1 more threads
2018-10-05 04:22:57,713 : INFO : EPOCH 9 - PROGRESS: at 100.00% examples, 18347 words/s, in_qsize 0, out_qsize 1
2018-10-05 04:22:57,713 : INFO : worker thread finished; awaiting finish of 0 more threads
2018-10-05 04:22:57,713 : INFO : EPOCH - 9 : training on 32022 raw words (23957 effective words) took 1.3s, 18343 effective words/s
2018-10-05 04:22:58,635 : INFO : worker thread finished; awaiting finish of 2 more threads
2018-10-05 04:22:58,702 : INFO : worker thread finished; awaiting finish of 1 more threads
2018-10-05 04:22:59,080 : INFO : EPOCH 10 - PROGRESS: at 100.00% examples, 17561 words/s, in_qsize 0, out_qsize 1
2018-10-05 04:22:59,080 : INFO : worker thread finished; awaiting finish of 0 more threads
2018-10-05 04:22:59,080 : INFO : EPOCH - 10 : training on 32022 raw words (23986 effective words) took 1.4s, 17558 effective words/s
2018-10-05 04:23:00,049 : INFO : worker thread finished; awaiting finish of 2 more threads
2018-10-05 04:23:00,104 : INFO : EPOCH 11 - PROGRESS: at 80.00% examples, 18277 words/s, in_qsize 1, out_qsize 1
2018-10-05 04:23:00,104 : INFO : worker thread finished; awaiting finish of 1 more threads
2018-10-05 04:23:00,495 : INFO : worker thread finished; awaiting finish of 0 more threads
2018-10-05 04:23:00,495 : INFO : EPOCH - 11 : training on 32022 raw words (23964 effective words) took 1.4s, 16941 effective words/s
2018-10-05 04:23:01,352 : INFO : worker thread finished; awaiting finish of 2 more threads
2018-10-05 04:23:01,428 : INFO : worker thread finished; awaiting finish of 1 more threads
2018-10-05 04:23:01,782 : INFO : EPOCH 12 - PROGRESS: at 100.00% examples, 18624 words/s, in_qsize 0, out_qsize 1
2018-10-05 04:23:01,782 : INFO : worker thread finished; awaiting finish of 0 more threads
2018-10-05 04:23:01,782 : INFO : EPOCH - 12 : training on 32022 raw words (23939 effective words) took 1.3s, 18620 effective words/s
2018-10-05 04:23:02,668 : INFO : worker thread finished; awaiting finish of 2 more threads
2018-10-05 04:23:02,729 : INFO : worker thread finished; awaiting finish of 1 more threads
2018-10-05 04:23:03,089 : INFO : EPOCH 13 - PROGRESS: at 100.00% examples, 18333 words/s, in_qsize 0, out_qsize 1
2018-10-05 04:23:03,089 : INFO : worker thread finished; awaiting finish of 0 more threads
2018-10-05 04:23:03,090 : INFO : EPOCH - 13 : training on 32022 raw words (23943 effective words) took 1.3s, 18329 effective words/s
2018-10-05 04:23:03,961 : INFO : worker thread finished; awaiting finish of 2 more threads
2018-10-05 04:23:04,027 : INFO : worker thread finished; awaiting finish of 1 more threads
2018-10-05 04:23:04,412 : INFO : EPOCH 14 - PROGRESS: at 100.00% examples, 18185 words/s, in_qsize 0, out_qsize 1
2018-10-05 04:23:04,412 : INFO : worker thread finished; awaiting finish of 0 more threads
2018-10-05 04:23:04,412 : INFO : EPOCH - 14 : training on 32022 raw words (24024 effective words) took 1.3s, 18181 effective words/s
2018-10-05 04:23:05,261 : INFO : worker thread finished; awaiting finish of 2 more threads
2018-10-05 04:23:05,347 : INFO : worker thread finished; awaiting finish of 1 more threads
2018-10-05 04:23:05,700 : INFO : EPOCH 15 - PROGRESS: at 100.00% examples, 18685 words/s, in_qsize 0, out_qsize 1
2018-10-05 04:23:05,700 : INFO : worker thread finished; awaiting finish of 0 more threads
2018-10-05 04:23:05,700 : INFO : EPOCH - 15 : training on 32022 raw words (24037 effective words) took 1.3s, 18680 effective words/s
2018-10-05 04:23:06,561 : INFO : worker thread finished; awaiting finish of 2 more threads
2018-10-05 04:23:06,630 : INFO : worker thread finished; awaiting finish of 1 more threads
2018-10-05 04:23:06,976 : INFO : EPOCH 16 - PROGRESS: at 100.00% examples, 18763 words/s, in_qsize 0, out_qsize 1
2018-10-05 04:23:06,976 : INFO : worker thread finished; awaiting finish of 0 more threads
2018-10-05 04:23:06,976 : INFO : EPOCH - 16 : training on 32022 raw words (23926 effective words) took 1.3s, 18759 effective words/s
2018-10-05 04:23:07,837 : INFO : worker thread finished; awaiting finish of 2 more threads
2018-10-05 04:23:07,905 : INFO : worker thread finished; awaiting finish of 1 more threads
2018-10-05 04:23:08,265 : INFO : EPOCH 17 - PROGRESS: at 100.00% examples, 18721 words/s, in_qsize 0, out_qsize 1
2018-10-05 04:23:08,265 : INFO : worker thread finished; awaiting finish of 0 more threads
2018-10-05 04:23:08,265 : INFO : EPOCH - 17 : training on 32022 raw words (24015 effective words) took 1.3s, 18718 effective words/s
2018-10-05 04:23:09,136 : INFO : worker thread finished; awaiting finish of 2 more threads
2018-10-05 04:23:09,193 : INFO : worker thread finished; awaiting finish of 1 more threads
2018-10-05 04:23:09,561 : INFO : EPOCH 18 - PROGRESS: at 100.00% examples, 18431 words/s, in_qsize 0, out_qsize 1
2018-10-05 04:23:09,561 : INFO : worker thread finished; awaiting finish of 0 more threads
2018-10-05 04:23:09,561 : INFO : EPOCH - 18 : training on 32022 raw words (23866 effective words) took 1.3s, 18426 effective words/s
2018-10-05 04:23:10,425 : INFO : worker thread finished; awaiting finish of 2 more threads
2018-10-05 04:23:10,496 : INFO : worker thread finished; awaiting finish of 1 more threads
2018-10-05 04:23:10,838 : INFO : EPOCH 19 - PROGRESS: at 100.00% examples, 18772 words/s, in_qsize 0, out_qsize 1
2018-10-05 04:23:10,839 : INFO : worker thread finished; awaiting finish of 0 more threads
2018-10-05 04:23:10,839 : INFO : EPOCH - 19 : training on 32022 raw words (23960 effective words) took 1.3s, 18768 effective words/s
2018-10-05 04:23:11,702 : INFO : worker thread finished; awaiting finish of 2 more threads
2018-10-05 04:23:11,771 : INFO : worker thread finished; awaiting finish of 1 more threads
2018-10-05 04:23:12,131 : INFO : EPOCH 20 - PROGRESS: at 100.00% examples, 18579 words/s, in_qsize 0, out_qsize 1
2018-10-05 04:23:12,132 : INFO : worker thread finished; awaiting finish of 0 more threads
2018-10-05 04:23:12,132 : INFO : EPOCH - 20 : training on 32022 raw words (23995 effective words) took 1.3s, 18574 effective words/s
2018-10-05 04:23:12,986 : INFO : worker thread finished; awaiting finish of 2 more threads
2018-10-05 04:23:13,059 : INFO : worker thread finished; awaiting finish of 1 more threads
2018-10-05 04:23:13,440 : INFO : EPOCH 21 - PROGRESS: at 100.00% examples, 18316 words/s, in_qsize 0, out_qsize 1
2018-10-05 04:23:13,441 : INFO : worker thread finished; awaiting finish of 0 more threads
2018-10-05 04:23:13,441 : INFO : EPOCH - 21 : training on 32022 raw words (23950 effective words) took 1.3s, 18312 effective words/s
2018-10-05 04:23:14,311 : INFO : worker thread finished; awaiting finish of 2 more threads
2018-10-05 04:23:14,411 : INFO : worker thread finished; awaiting finish of 1 more threads
2018-10-05 04:23:14,779 : INFO : EPOCH 22 - PROGRESS: at 100.00% examples, 17888 words/s, in_qsize 0, out_qsize 1
2018-10-05 04:23:14,779 : INFO : worker thread finished; awaiting finish of 0 more threads
2018-10-05 04:23:14,779 : INFO : EPOCH - 22 : training on 32022 raw words (23922 effective words) took 1.3s, 17883 effective words/s
2018-10-05 04:23:15,702 : INFO : worker thread finished; awaiting finish of 2 more threads
2018-10-05 04:23:15,782 : INFO : worker thread finished; awaiting finish of 1 more threads
2018-10-05 04:23:16,126 : INFO : EPOCH 23 - PROGRESS: at 100.00% examples, 17872 words/s, in_qsize 0, out_qsize 1
2018-10-05 04:23:16,127 : INFO : worker thread finished; awaiting finish of 0 more threads
2018-10-05 04:23:16,127 : INFO : EPOCH - 23 : training on 32022 raw words (23982 effective words) took 1.3s, 17869 effective words/s
2018-10-05 04:23:17,033 : INFO : worker thread finished; awaiting finish of 2 more threads
2018-10-05 04:23:17,095 : INFO : worker thread finished; awaiting finish of 1 more threads
2018-10-05 04:23:17,438 : INFO : EPOCH 24 - PROGRESS: at 100.00% examples, 18320 words/s, in_qsize 0, out_qsize 1
2018-10-05 04:23:17,438 : INFO : worker thread finished; awaiting finish of 0 more threads
2018-10-05 04:23:17,438 : INFO : EPOCH - 24 : training on 32022 raw words (23997 effective words) took 1.3s, 18315 effective words/s
2018-10-05 04:23:18,322 : INFO : worker thread finished; awaiting finish of 2 more threads
2018-10-05 04:23:18,382 : INFO : worker thread finished; awaiting finish of 1 more threads
2018-10-05 04:23:18,774 : INFO : EPOCH 25 - PROGRESS: at 100.00% examples, 17971 words/s, in_qsize 0, out_qsize 1
2018-10-05 04:23:18,774 : INFO : worker thread finished; awaiting finish of 0 more threads
2018-10-05 04:23:18,775 : INFO : EPOCH - 25 : training on 32022 raw words (23997 effective words) took 1.3s, 17967 effective words/s
2018-10-05 04:23:19,670 : INFO : worker thread finished; awaiting finish of 2 more threads
2018-10-05 04:23:19,738 : INFO : worker thread finished; awaiting finish of 1 more threads
2018-10-05 04:23:20,118 : INFO : EPOCH 26 - PROGRESS: at 100.00% examples, 17869 words/s, in_qsize 0, out_qsize 1
2018-10-05 04:23:20,119 : INFO : worker thread finished; awaiting finish of 0 more threads
2018-10-05 04:23:20,119 : INFO : EPOCH - 26 : training on 32022 raw words (23996 effective words) took 1.3s, 17865 effective words/s
2018-10-05 04:23:21,023 : INFO : worker thread finished; awaiting finish of 2 more threads
2018-10-05 04:23:21,090 : INFO : worker thread finished; awaiting finish of 1 more threads
2018-10-05 04:23:21,436 : INFO : EPOCH 27 - PROGRESS: at 100.00% examples, 18203 words/s, in_qsize 0, out_qsize 1
2018-10-05 04:23:21,436 : INFO : worker thread finished; awaiting finish of 0 more threads
2018-10-05 04:23:21,436 : INFO : EPOCH - 27 : training on 32022 raw words (23965 effective words) took 1.3s, 18199 effective words/s
2018-10-05 04:23:22,352 : INFO : worker thread finished; awaiting finish of 2 more threads
2018-10-05 04:23:22,419 : INFO : worker thread finished; awaiting finish of 1 more threads
2018-10-05 04:23:22,775 : INFO : EPOCH 28 - PROGRESS: at 100.00% examples, 17955 words/s, in_qsize 0, out_qsize 1
2018-10-05 04:23:22,775 : INFO : worker thread finished; awaiting finish of 0 more threads
2018-10-05 04:23:22,775 : INFO : EPOCH - 28 : training on 32022 raw words (24005 effective words) took 1.3s, 17950 effective words/s
2018-10-05 04:23:23,694 : INFO : worker thread finished; awaiting finish of 2 more threads
2018-10-05 04:23:23,772 : INFO : worker thread finished; awaiting finish of 1 more threads
2018-10-05 04:23:24,136 : INFO : EPOCH 29 - PROGRESS: at 100.00% examples, 17680 words/s, in_qsize 0, out_qsize 1
2018-10-05 04:23:24,137 : INFO : worker thread finished; awaiting finish of 0 more threads
2018-10-05 04:23:24,137 : INFO : EPOCH - 29 : training on 32022 raw words (24050 effective words) took 1.4s, 17676 effective words/s
2018-10-05 04:23:25,042 : INFO : worker thread finished; awaiting finish of 2 more threads
2018-10-05 04:23:25,123 : INFO : worker thread finished; awaiting finish of 1 more threads
2018-10-05 04:23:25,490 : INFO : EPOCH 30 - PROGRESS: at 100.00% examples, 17723 words/s, in_qsize 0, out_qsize 1
2018-10-05 04:23:25,490 : INFO : worker thread finished; awaiting finish of 0 more threads
2018-10-05 04:23:25,490 : INFO : EPOCH - 30 : training on 32022 raw words (23966 effective words) took 1.4s, 17719 effective words/s
2018-10-05 04:23:26,466 : INFO : worker thread finished; awaiting finish of 2 more threads
2018-10-05 04:23:26,531 : INFO : EPOCH 31 - PROGRESS: at 80.00% examples, 18032 words/s, in_qsize 1, out_qsize 1
2018-10-05 04:23:26,531 : INFO : worker thread finished; awaiting finish of 1 more threads
2018-10-05 04:23:26,881 : INFO : worker thread finished; awaiting finish of 0 more threads
2018-10-05 04:23:26,881 : INFO : EPOCH - 31 : training on 32022 raw words (23994 effective words) took 1.4s, 17260 effective words/s
2018-10-05 04:23:27,808 : INFO : worker thread finished; awaiting finish of 2 more threads
2018-10-05 04:23:27,885 : INFO : EPOCH 32 - PROGRESS: at 80.00% examples, 18623 words/s, in_qsize 1, out_qsize 1
2018-10-05 04:23:27,885 : INFO : worker thread finished; awaiting finish of 1 more threads
2018-10-05 04:23:28,252 : INFO : worker thread finished; awaiting finish of 0 more threads
2018-10-05 04:23:28,252 : INFO : EPOCH - 32 : training on 32022 raw words (23929 effective words) took 1.4s, 17465 effective words/s
2018-10-05 04:23:29,281 : INFO : EPOCH 33 - PROGRESS: at 50.00% examples, 11254 words/s, in_qsize 2, out_qsize 1
2018-10-05 04:23:29,281 : INFO : worker thread finished; awaiting finish of 2 more threads
2018-10-05 04:23:29,342 : INFO : worker thread finished; awaiting finish of 1 more threads
2018-10-05 04:23:29,732 : INFO : worker thread finished; awaiting finish of 0 more threads
2018-10-05 04:23:29,732 : INFO : EPOCH - 33 : training on 32022 raw words (23954 effective words) took 1.5s, 16237 effective words/s
2018-10-05 04:23:30,698 : INFO : worker thread finished; awaiting finish of 2 more threads
2018-10-05 04:23:30,766 : INFO : EPOCH 34 - PROGRESS: at 80.00% examples, 18151 words/s, in_qsize 1, out_qsize 1
2018-10-05 04:23:30,766 : INFO : worker thread finished; awaiting finish of 1 more threads
2018-10-05 04:23:31,123 : INFO : worker thread finished; awaiting finish of 0 more threads
2018-10-05 04:23:31,123 : INFO : EPOCH - 34 : training on 32022 raw words (23984 effective words) took 1.4s, 17264 effective words/s
2018-10-05 04:23:32,155 : INFO : EPOCH 35 - PROGRESS: at 50.00% examples, 11226 words/s, in_qsize 2, out_qsize 1
2018-10-05 04:23:32,155 : INFO : worker thread finished; awaiting finish of 2 more threads
2018-10-05 04:23:32,219 : INFO : worker thread finished; awaiting finish of 1 more threads
2018-10-05 04:23:32,703 : INFO : worker thread finished; awaiting finish of 0 more threads
2018-10-05 04:23:32,703 : INFO : EPOCH - 35 : training on 32022 raw words (23991 effective words) took 1.6s, 15194 effective words/s
2018-10-05 04:23:33,740 : INFO : EPOCH 36 - PROGRESS: at 50.00% examples, 11172 words/s, in_qsize 2, out_qsize 1
2018-10-05 04:23:33,740 : INFO : worker thread finished; awaiting finish of 2 more threads
2018-10-05 04:23:33,819 : INFO : worker thread finished; awaiting finish of 1 more threads
2018-10-05 04:23:34,306 : INFO : worker thread finished; awaiting finish of 0 more threads
2018-10-05 04:23:34,306 : INFO : EPOCH - 36 : training on 32022 raw words (23921 effective words) took 1.6s, 14930 effective words/s
2018-10-05 04:23:35,420 : INFO : EPOCH 37 - PROGRESS: at 50.00% examples, 10403 words/s, in_qsize 2, out_qsize 1
2018-10-05 04:23:35,421 : INFO : worker thread finished; awaiting finish of 2 more threads
2018-10-05 04:23:35,593 : INFO : worker thread finished; awaiting finish of 1 more threads
2018-10-05 04:23:36,041 : INFO : worker thread finished; awaiting finish of 0 more threads
2018-10-05 04:23:36,041 : INFO : EPOCH - 37 : training on 32022 raw words (24016 effective words) took 1.7s, 13850 effective words/s
2018-10-05 04:23:37,177 : INFO : EPOCH 38 - PROGRESS: at 50.00% examples, 10180 words/s, in_qsize 2, out_qsize 1
2018-10-05 04:23:37,177 : INFO : worker thread finished; awaiting finish of 2 more threads
2018-10-05 04:23:37,278 : INFO : worker thread finished; awaiting finish of 1 more threads
2018-10-05 04:23:37,746 : INFO : worker thread finished; awaiting finish of 0 more threads
2018-10-05 04:23:37,746 : INFO : EPOCH - 38 : training on 32022 raw words (23950 effective words) took 1.7s, 14054 effective words/s
2018-10-05 04:23:38,971 : INFO : EPOCH 39 - PROGRESS: at 50.00% examples, 9464 words/s, in_qsize 2, out_qsize 1
2018-10-05 04:23:38,971 : INFO : worker thread finished; awaiting finish of 2 more threads
2018-10-05 04:23:39,058 : INFO : worker thread finished; awaiting finish of 1 more threads
2018-10-05 04:23:39,502 : INFO : worker thread finished; awaiting finish of 0 more threads
2018-10-05 04:23:39,503 : INFO : EPOCH - 39 : training on 32022 raw words (23987 effective words) took 1.8s, 13667 effective words/s
2018-10-05 04:23:40,689 : INFO : EPOCH 40 - PROGRESS: at 50.00% examples, 9772 words/s, in_qsize 2, out_qsize 1
2018-10-05 04:23:40,689 : INFO : worker thread finished; awaiting finish of 2 more threads
2018-10-05 04:23:40,786 : INFO : worker thread finished; awaiting finish of 1 more threads
2018-10-05 04:23:41,259 : INFO : worker thread finished; awaiting finish of 0 more threads
2018-10-05 04:23:41,259 : INFO : EPOCH - 40 : training on 32022 raw words (24011 effective words) took 1.8s, 13677 effective words/s
2018-10-05 04:23:42,509 : INFO : EPOCH 41 - PROGRESS: at 50.00% examples, 9265 words/s, in_qsize 2, out_qsize 1
2018-10-05 04:23:42,509 : INFO : worker thread finished; awaiting finish of 2 more threads
2018-10-05 04:23:42,585 : INFO : worker thread finished; awaiting finish of 1 more threads
2018-10-05 04:23:43,056 : INFO : worker thread finished; awaiting finish of 0 more threads
2018-10-05 04:23:43,056 : INFO : EPOCH - 41 : training on 32022 raw words (23968 effective words) took 1.8s, 13350 effective words/s
2018-10-05 04:23:44,193 : INFO : EPOCH 42 - PROGRESS: at 50.00% examples, 10160 words/s, in_qsize 2, out_qsize 1
2018-10-05 04:23:44,194 : INFO : worker thread finished; awaiting finish of 2 more threads
2018-10-05 04:23:44,277 : INFO : worker thread finished; awaiting finish of 1 more threads
2018-10-05 04:23:44,743 : INFO : worker thread finished; awaiting finish of 0 more threads
2018-10-05 04:23:44,743 : INFO : EPOCH - 42 : training on 32022 raw words (23919 effective words) took 1.7s, 14188 effective words/s
2018-10-05 04:23:45,860 : INFO : EPOCH 43 - PROGRESS: at 50.00% examples, 10341 words/s, in_qsize 2, out_qsize 1
2018-10-05 04:23:45,860 : INFO : worker thread finished; awaiting finish of 2 more threads
2018-10-05 04:23:45,953 : INFO : worker thread finished; awaiting finish of 1 more threads
2018-10-05 04:23:46,409 : INFO : worker thread finished; awaiting finish of 0 more threads
2018-10-05 04:23:46,409 : INFO : EPOCH - 43 : training on 32022 raw words (23988 effective words) took 1.7s, 14410 effective words/s
2018-10-05 04:23:47,457 : INFO : EPOCH 44 - PROGRESS: at 50.00% examples, 11023 words/s, in_qsize 2, out_qsize 1
2018-10-05 04:23:47,458 : INFO : worker thread finished; awaiting finish of 2 more threads
2018-10-05 04:23:47,555 : INFO : worker thread finished; awaiting finish of 1 more threads
2018-10-05 04:23:47,976 : INFO : worker thread finished; awaiting finish of 0 more threads
2018-10-05 04:23:47,976 : INFO : EPOCH - 44 : training on 32022 raw words (24015 effective words) took 1.6s, 15338 effective words/s
2018-10-05 04:23:49,002 : INFO : EPOCH 45 - PROGRESS: at 50.00% examples, 11232 words/s, in_qsize 2, out_qsize 1
2018-10-05 04:23:49,002 : INFO : worker thread finished; awaiting finish of 2 more threads
2018-10-05 04:23:49,102 : INFO : worker thread finished; awaiting finish of 1 more threads
2018-10-05 04:23:49,538 : INFO : worker thread finished; awaiting finish of 0 more threads
2018-10-05 04:23:49,538 : INFO : EPOCH - 45 : training on 32022 raw words (23940 effective words) took 1.6s, 15335 effective words/s
2018-10-05 04:23:50,673 : INFO : EPOCH 46 - PROGRESS: at 50.00% examples, 10206 words/s, in_qsize 2, out_qsize 1
2018-10-05 04:23:50,673 : INFO : worker thread finished; awaiting finish of 2 more threads
2018-10-05 04:23:50,761 : INFO : worker thread finished; awaiting finish of 1 more threads
2018-10-05 04:23:51,230 : INFO : worker thread finished; awaiting finish of 0 more threads
2018-10-05 04:23:51,231 : INFO : EPOCH - 46 : training on 32022 raw words (24017 effective words) took 1.7s, 14200 effective words/s
2018-10-05 04:23:52,496 : INFO : EPOCH 47 - PROGRESS: at 50.00% examples, 9159 words/s, in_qsize 2, out_qsize 1
2018-10-05 04:23:52,497 : INFO : worker thread finished; awaiting finish of 2 more threads
2018-10-05 04:23:52,572 : INFO : worker thread finished; awaiting finish of 1 more threads
2018-10-05 04:23:53,134 : INFO : worker thread finished; awaiting finish of 0 more threads
2018-10-05 04:23:53,135 : INFO : EPOCH - 47 : training on 32022 raw words (23978 effective words) took 1.9s, 12602 effective words/s
2018-10-05 04:23:54,160 : INFO : EPOCH 48 - PROGRESS: at 20.00% examples, 4881 words/s, in_qsize 3, out_qsize 0
2018-10-05 04:23:54,503 : INFO : worker thread finished; awaiting finish of 2 more threads
2018-10-05 04:23:54,621 : INFO : worker thread finished; awaiting finish of 1 more threads
2018-10-05 04:23:55,125 : INFO : worker thread finished; awaiting finish of 0 more threads
2018-10-05 04:23:55,125 : INFO : EPOCH - 48 : training on 32022 raw words (24024 effective words) took 2.0s, 12075 effective words/s
2018-10-05 04:23:56,391 : INFO : EPOCH 49 - PROGRESS: at 50.00% examples, 9104 words/s, in_qsize 2, out_qsize 1
2018-10-05 04:23:56,391 : INFO : worker thread finished; awaiting finish of 2 more threads
2018-10-05 04:23:56,481 : INFO : worker thread finished; awaiting finish of 1 more threads
2018-10-05 04:23:56,969 : INFO : worker thread finished; awaiting finish of 0 more threads
2018-10-05 04:23:56,969 : INFO : EPOCH - 49 : training on 32022 raw words (23925 effective words) took 1.8s, 12987 effective words/s
2018-10-05 04:23:58,219 : INFO : EPOCH 50 - PROGRESS: at 50.00% examples, 9220 words/s, in_qsize 2, out_qsize 1
2018-10-05 04:23:58,220 : INFO : worker thread finished; awaiting finish of 2 more threads
2018-10-05 04:23:58,339 : INFO : worker thread finished; awaiting finish of 1 more threads
2018-10-05 04:23:58,836 : INFO : worker thread finished; awaiting finish of 0 more threads
2018-10-05 04:23:58,836 : INFO : EPOCH - 50 : training on 32022 raw words (23970 effective words) took 1.9s, 12847 effective words/s
2018-10-05 04:23:58,836 : INFO : training on a 1601100 raw words (1198618 effective words) took 72.9s, 16448 effective words/s
2018-10-05 04:23:58,905 : INFO : saving FastText object under ./model/task1/nips_fasttext, separately None
2018-10-05 04:23:58,905 : INFO : not storing attribute vectors_norm
2018-10-05 04:23:58,905 : INFO : not storing attribute vectors_vocab_norm
2018-10-05 04:23:58,905 : INFO : not storing attribute vectors_ngrams_norm
2018-10-05 04:23:58,905 : INFO : not storing attribute buckets_word
2018-10-05 04:23:59,259 : INFO : saved ./model/task1/nips_fasttext
2018-10-05 04:23:59,260 : INFO : precomputing L2-norms of word weight vectors
2018-10-05 04:23:59,262 : INFO : precomputing L2-norms of ngram weight vectors
2018-10-05 04:23:59,936 : INFO : {'experiments': ['experiment', 'experi', 'polylogarithm', 'investig', 'furthermor', 'time', 'outperform', 'author', 'stateoftheart', 'provabl']}
2018-10-05 04:23:59,937 : INFO : --generating aspects--

2018-10-05 04:24:10,807 : INFO : --generating clusters--

2018-10-05 04:24:12,626 : INFO : adding document #0 to Dictionary(0 unique tokens: [])
2018-10-05 04:24:12,640 : INFO : built Dictionary(1791 unique tokens: ['abil', 'abstract', 'access', 'accord', 'accuraci']...) from 10 documents (total 22410 corpus positions)
2018-10-05 04:24:12,653 : INFO : using symmetric alpha at 0.1
2018-10-05 04:24:12,654 : INFO : using symmetric eta at 0.1
2018-10-05 04:24:12,654 : INFO : using serial LDA version on this node
2018-10-05 04:24:12,657 : INFO : running online (single-pass) LDA training, 10 topics, 1 passes over the supplied corpus of 10 documents, updating model once every 10 documents, evaluating perplexity every 10 documents, iterating 50x with a convergence threshold of 0.001000
2018-10-05 04:24:12,657 : WARNING : too few updates, training might not converge; consider increasing the number of passes or iterations to improve accuracy
2018-10-05 04:24:12,707 : INFO : -8.915 per-word bound, 482.8 perplexity estimate based on a held-out corpus of 10 documents with 22410 words
2018-10-05 04:24:12,707 : INFO : PROGRESS: pass 0, at document #10/10
2018-10-05 04:24:12,728 : INFO : topic #0 (0.100): 0.014*"algorithm" + 0.012*"learn" + 0.010*"loss" + 0.008*"distribut" + 0.008*"stabil" + 0.008*"gener" + 0.007*"number" + 0.007*"hypothesi" + 0.006*"class" + 0.006*"label"
2018-10-05 04:24:12,729 : INFO : topic #2 (0.100): 0.009*"algorithm" + 0.008*"question" + 0.007*"learn" + 0.007*"mechan" + 0.007*"label" + 0.006*"distribut" + 0.006*"time" + 0.006*"cluster" + 0.006*"imag" + 0.006*"gener"
2018-10-05 04:24:12,729 : INFO : topic #8 (0.100): 0.018*"algorithm" + 0.010*"learn" + 0.007*"show" + 0.007*"distribut" + 0.007*"gener" + 0.006*"cluster" + 0.006*"datum" + 0.005*"loss" + 0.005*"process" + 0.005*"random"
2018-10-05 04:24:12,729 : INFO : topic #1 (0.100): 0.010*"imag" + 0.009*"algorithm" + 0.008*"model" + 0.007*"learn" + 0.007*"gener" + 0.006*"distribut" + 0.006*"sentenc" + 0.006*"approach" + 0.006*"result" + 0.005*"tree"
2018-10-05 04:24:12,729 : INFO : topic #3 (0.100): 0.010*"estim" + 0.009*"distribut" + 0.008*"matrix" + 0.008*"algorithm" + 0.008*"gener" + 0.007*"method" + 0.007*"covari" + 0.007*"imag" + 0.007*"model" + 0.006*"sequenc"
2018-10-05 04:24:12,730 : INFO : topic diff=1.988317, rho=1.000000
